This is pdfTeX, Version 3.14159265-2.6-1.40.21 (MiKTeX 20.7) (preloaded format=pdflatex 2020.9.25)  25 APR 2021 19:43
entering extended mode
**./tcc.tex
(tcc.tex
LaTeX2e <2020-02-02> patch level 5
L3 programming layer <2020-09-03>
("C:\Program Files\MiKTeX\tex/latex/abntex2\abntex2.cls"
Document Class: abntex2 2018/11/24 v-1.9.7 abnTeX2
("C:\Program Files\MiKTeX\tex/latex/base\ifthen.sty"
Package: ifthen 2014/09/29 v1.1c Standard LaTeX ifthen package (DPC)
)
("C:\Program Files\MiKTeX\tex/latex/memoir\memoir.cls"
Document Class: memoir 2021/03/23 v3.7o configurable book, report, article docu
ment class
\onelineskip=\skip47
\lxvchars=\skip48
\xlvchars=\skip49
\@memcnta=\count168
\c@@memmarkcntra=\count169
LaTeX Info: Redefining \InputIfFileExists on input line 219.
("C:\Program Files\MiKTeX\tex/generic/iftex\iftex.sty"
Package: iftex 2020/03/06 v1.0d TeX engine tests
)
\stockheight=\skip50
\stockwidth=\skip51
\trimtop=\skip52
\trimedge=\skip53

("C:\Program Files\MiKTeX\tex/latex/memoir\mem12.clo"
File: mem12.clo 2010/10/19 v0.4b memoir class 12pt size option
)
\binding=\skip54
\spinemargin=\skip55
\foremargin=\skip56
\uppermargin=\skip57
\lowermargin=\skip58
\headdrop=\skip59
\normalrulethickness=\skip60
\mem@maxheadheight=\skip61
\mem@maxfootheight=\skip62
\headwidth=\skip63
\c@storedpagenumber=\count170
\memPD=\dimen134
\m@mabparskip=\skip64
\thanksmarkwidth=\skip65
\thanksmarksep=\skip66
\droptitle=\skip67
\c@book=\count171
\c@part=\count172
\c@chapter=\count173
\c@section=\count174
\c@subsection=\count175
\c@subsubsection=\count176
\c@paragraph=\count177
\c@subparagraph=\count178
\beforechapskip=\skip68
\midchapskip=\skip69
\afterchapskip=\skip70
\chapindent=\skip71
\bottomsectionskip=\skip72
\secindent=\skip73
\beforesecskip=\skip74
\aftersecskip=\skip75
\subsecindent=\skip76
\beforesubsecskip=\skip77
\aftersubsecskip=\skip78
\subsubsecindent=\skip79
\beforesubsubsecskip=\skip80
\aftersubsubsecskip=\skip81
\paraindent=\skip82
\beforeparaskip=\skip83
\afterparaskip=\skip84
\subparaindent=\skip85
\beforesubparaskip=\skip86
\aftersubparaskip=\skip87
\pfbreakskip=\skip88
\c@@ppsavesec=\count179
\c@@ppsaveapp=\count180
\ragrparindent=\dimen135
\everylistparindent=\dimen136
\parsepi=\skip89
\topsepi=\skip90
\itemsepi=\skip91
\parsepii=\skip92
\topsepii=\skip93
\topsepiii=\skip94
\itemsepii=\skip95
\itemsepiii=\skip96
\partopsepii=\skip97
\partopsepiii=\skip98
\m@msavetopsep=\skip99
\m@msavepartopsep=\skip100
\@enLab=\toks15
\abstitleskip=\skip101
\absleftindent=\skip102
\abs@leftindent=\dimen137
\absrightindent=\skip103
\absparindent=\skip104
\absparsep=\skip105
\c@vslineno=\count181
\c@poemline=\count182
\c@modulo@vs=\count183
\c@memfvsline=\count184
\vleftskip=\skip106
\vrightskip=\skip107
\stanzaskip=\skip108
\versewidth=\skip109
\vgap=\skip110
\vindent=\skip111
\vleftmargin=\dimen138
\c@verse=\count185
\c@chrsinstr=\count186
\beforepoemtitleskip=\skip112
\afterpoemtitleskip=\skip113
\c@poem=\count187
\beforePoemTitleskip=\skip114
\midPoemTitleskip=\skip115
\afterPoemTitleskip=\skip116

("C:\Program Files\MiKTeX\tex/latex/tools\array.sty"
Package: array 2019/08/31 v2.4l Tabular extension package (FMi)
\col@sep=\dimen139
\ar@mcellbox=\box45
\extrarowheight=\dimen140
\NC@list=\toks16
\extratabsurround=\skip117
\backup@length=\skip118
\ar@cellbox=\box46
)
("C:\Program Files\MiKTeX\tex/latex/tools\dcolumn.sty"
Package: dcolumn 2014/10/28 v1.06 decimal alignment package (DPC)
)
("C:\Program Files\MiKTeX\tex/latex/tools\delarray.sty"
Package: delarray 2014/10/28 v1.01 array delimiter package (DPC)
)
("C:\Program Files\MiKTeX\tex/latex/tools\tabularx.sty"
Package: tabularx 2020/01/15 v2.11c `tabularx' package (DPC)
\TX@col@width=\dimen141
\TX@old@table=\dimen142
\TX@old@col=\dimen143
\TX@target=\dimen144
\TX@delta=\dimen145
\TX@cols=\count188
\TX@ftn=\toks17
)
\heavyrulewidth=\dimen146
\lightrulewidth=\dimen147
\cmidrulewidth=\dimen148
\belowrulesep=\dimen149
\belowbottomsep=\dimen150
\aboverulesep=\dimen151
\abovetopsep=\dimen152
\cmidrulesep=\dimen153
\cmidrulekern=\dimen154
\defaultaddspace=\dimen155
\@cmidla=\count189
\@cmidlb=\count190
\@aboverulesep=\dimen156
\@belowrulesep=\dimen157
\@thisruleclass=\count191
\@lastruleclass=\count192
\@thisrulewidth=\dimen158
\ctableftskip=\skip119
\ctabrightskip=\skip120
\abovecolumnspenalty=\count193
\@linestogo=\count194
\@cellstogo=\count195
\@cellsincolumn=\count196
\crtok=\toks18
\@mincolumnwidth=\dimen159
\c@newflo@tctr=\count197
\mem@margin@floatbox=\box47
\@contcwidth=\skip121
\@contindw=\skip122
\abovecaptionskip=\skip123
\belowcaptionskip=\skip124
\subfloattopskip=\skip125
\subfloatcapskip=\skip126
\subfloatcaptopadj=\skip127
\subfloatbottomskip=\skip128
\subfloatlabelskip=\skip129
\subfloatcapmargin=\dimen160
\c@@contsubnum=\count198
\m@mscap@capbox=\box48
\m@mscap@fbox=\box49
\sidecapsep=\dimen161
\sidecapwidth=\dimen162
\m@m@tempdima=\dimen163
\m@mscapraise=\dimen164
\sidecapraise=\dimen165
\m@mscapmainwidth=\dimen166
\m@mscaplkern=\dimen167
\beforeepigraphskip=\skip130
\afterepigraphskip=\skip131
\epigraphwidth=\skip132
\epigraphrule=\skip133
LaTeX Info: Redefining \em on input line 7650.
LaTeX Info: Redefining \emph on input line 7658.
\tocentryskip=\skip134
\tocbaseline=\skip135
\cftparskip=\skip136
\cftbeforebookskip=\skip137
\cftbookindent=\dimen168
\cftbooknumwidth=\dimen169
\cftbeforepartskip=\skip138
\cftpartindent=\skip139
\cftpartnumwidth=\skip140
\cftbeforechapterskip=\skip141
\cftchapterindent=\skip142
\cftchapternumwidth=\skip143
\cftbeforesectionskip=\skip144
\cftsectionindent=\skip145
\cftsectionnumwidth=\skip146
\cftbeforesubsectionskip=\skip147
\cftsubsectionindent=\skip148
\cftsubsectionnumwidth=\skip149
\cftbeforesubsubsectionskip=\skip150
\cftsubsubsectionindent=\skip151
\cftsubsubsectionnumwidth=\skip152
\cftbeforeparagraphskip=\skip153
\cftparagraphindent=\skip154
\cftparagraphnumwidth=\skip155
\cftbeforesubparagraphskip=\skip156
\cftsubparagraphindent=\skip157
\cftsubparagraphnumwidth=\skip158
\prechapterprecisshift=\dimen170
\c@maxsecnumdepth=\count199
\bibindent=\dimen171
\bibitemsep=\skip159
\indexcolsep=\skip160
\indexrule=\skip161
\indexmarkstyle=\toks19
\@indexbox=\insert252
\glossarycolsep=\dimen172
\glossaryrule=\dimen173
\sideparvshift=\skip162
\sideins=\insert251
\sidebartopsep=\skip163
\sidebarhsep=\skip164
\sidebarvsep=\skip165
\sidebarwidth=\skip166
\footmarkwidth=\skip167
\footmarksep=\skip168
\footparindent=\skip169
\footinsdim=\skip170
\footinsv@r=\insert250
\@mpfootinsv@r=\insert249
\m@m@k=\count266
\m@m@h=\dimen174
\m@mipn@skip=\skip171
\sidefootins=\insert248
\sidefootadjust=\skip172
\sidefootheight=\skip173
\sidefoothsep=\skip174
\sidefootvsep=\skip175
\sidefootwidth=\skip176
\m@mdownsf=\skip177
\c@sidefootnote=\count267
\sidefootmarkwidth=\skip178
\sidefootmarksep=\skip179
\sidefootparindent=\skip180
\c@pagenote=\count268
\c@pagenoteshadow=\count269
\mem@pn@lastkern=\skip181
\every@verbatim=\toks20
\afterevery@verbatim=\toks21
\verbatim@line=\toks22
\tab@position=\count270
\verbatim@in@stream=\read2
\verbatimindent=\skip182
\verbatim@out=\write3
\bvboxsep=\skip183
\c@memfbvline=\count271
\c@bvlinectr=\count272
\bvnumlength=\skip184
\fb@frw=\dimen175
\fb@frh=\dimen176
\FrameRule=\dimen177
\FrameSep=\dimen178
\c@cp@cntr=\count273
LaTeX Info: Redefining \: on input line 12203.
LaTeX Info: Redefining \! on input line 12203.
\c@ism@mctr=\count274
\c@xsm@mctr=\count275
\c@csm@mctr=\count276
\c@ksm@mctr=\count277
\c@xksm@mctr=\count278
\c@cksm@mctr=\count279
\c@msm@mctr=\count280
\c@xmsm@mctr=\count281
\c@cmsm@mctr=\count282
\c@bsm@mctr=\count283
\c@workm@mctr=\count284
\c@sheetsequence=\count285
\c@lastsheet=\count286
\c@lastpage=\count287

("C:\Program Files\MiKTeX\tex/latex/textcase\textcase.sty"
Package: textcase 2019/09/14 v1.00 Text only upper/lower case changing (DPC)
)
\c@figure=\count288
\c@lofdepth=\count289
\cftbeforefigureskip=\skip185
\cftfigureindent=\skip186
\cftfigurenumwidth=\skip187
\c@table=\count290
\c@lotdepth=\count291
\cftbeforetableskip=\skip188
\cfttableindent=\skip189
\cfttablenumwidth=\skip190
Package abstract [2008/07/23] emulated by memoir.
Package appendix [2008/07/23] emulated by memoir.
Package booktabs [2016/05/16] emulated by memoir.
Package ccaption [2008/07/23] emulated by memoir.
Package changepage [2008/07/23] emulated by memoir.
Package chngcntr [2008/07/23] emulated by memoir.
Package chngpage [2008/07/23] emulated by memoir.
Package crop emulated by memoir.
Package enumerate [2008/07/23] emulated by memoir.
Package epigraph [2008/07/23] emulated by memoir.
Package ifmtarg [2008/07/23] emulated by memoir.
Package index [2008/07/23] emulated by memoir.
Package makeidx [2008/07/23] emulated by memoir.
Package moreverb [2008/07/23] emulated by memoir.
Package needspace [2008/07/23] emulated by memoir.
Package newfile [2008/07/23] emulated by memoir.
Package nextpage [2008/07/23] emulated by memoir.
Package pagenote [2008/07/23] emulated by memoir.
Package parskip [2008/07/23] emulated by memoir.
Package patchcmd [2008/07/23] emulated by memoir.
Package setspace [2008/07/23] emulated by memoir.
Package shortvrb [2008/07/23] emulated by memoir.
Package showidx [2008/07/23] emulated by memoir.
Package titleref [2008/07/23] emulated by memoir.
Package titling [2008/07/23] emulated by memoir.
Package tocbibind [2008/07/23] emulated by memoir.
Package tocloft [2008/07/23] emulated by memoir.
Package tocvsec2 [2008/07/23] emulated by memoir.
Package verbatim [2008/07/23] emulated by memoir.
Package verse [2008/07/23] emulated by memoir.
)
("C:\Program Files\MiKTeX\tex/latex/hyperref\hyperref.sty"
Package: hyperref 2020-05-15 v7.00e Hypertext links for LaTeX

("C:\Program Files\MiKTeX\tex/generic/ltxcmds\ltxcmds.sty"
Package: ltxcmds 2019/12/15 v1.24 LaTeX kernel commands for general use (HO)
)
("C:\Program Files\MiKTeX\tex/generic/pdftexcmds\pdftexcmds.sty"
Package: pdftexcmds 2020-06-27 v0.33 Utility functions of pdfTeX for LuaTeX (HO
)

("C:\Program Files\MiKTeX\tex/generic/infwarerr\infwarerr.sty"
Package: infwarerr 2019/12/03 v1.5 Providing info/warning/error messages (HO)
)
Package pdftexcmds Info: \pdf@primitive is available.
Package pdftexcmds Info: \pdf@ifprimitive is available.
Package pdftexcmds Info: \pdfdraftmode found.
)
("C:\Program Files\MiKTeX\tex/latex/graphics\keyval.sty"
Package: keyval 2014/10/28 v1.15 key=value parser (DPC)
\KV@toks@=\toks23
)
("C:\Program Files\MiKTeX\tex/generic/kvsetkeys\kvsetkeys.sty"
Package: kvsetkeys 2019/12/15 v1.18 Key value parser (HO)
)
("C:\Program Files\MiKTeX\tex/generic/kvdefinekeys\kvdefinekeys.sty"
Package: kvdefinekeys 2019-12-19 v1.6 Define keys (HO)
)
("C:\Program Files\MiKTeX\tex/generic/pdfescape\pdfescape.sty"
Package: pdfescape 2019/12/09 v1.15 Implements pdfTeX's escape features (HO)
)
("C:\Program Files\MiKTeX\tex/latex/hycolor\hycolor.sty"
Package: hycolor 2020-01-27 v1.10 Color options for hyperref/bookmark (HO)
)
("C:\Program Files\MiKTeX\tex/latex/letltxmacro\letltxmacro.sty"
Package: letltxmacro 2019/12/03 v1.6 Let assignment for LaTeX macros (HO)
)
("C:\Program Files\MiKTeX\tex/latex/auxhook\auxhook.sty"
Package: auxhook 2019-12-17 v1.6 Hooks for auxiliary files (HO)
)
("C:\Program Files\MiKTeX\tex/latex/kvoptions\kvoptions.sty"
Package: kvoptions 2019/11/29 v3.13 Key value format for package options (HO)
)
\@linkdim=\dimen179
\Hy@linkcounter=\count292
\Hy@pagecounter=\count293

("C:\Program Files\MiKTeX\tex/latex/hyperref\pd1enc.def"
File: pd1enc.def 2020-05-15 v7.00e Hyperref: PDFDocEncoding definition (HO)
Now handling font encoding PD1 ...
... no UTF-8 mapping file for font encoding PD1
)
("C:\Program Files\MiKTeX\tex/generic/intcalc\intcalc.sty"
Package: intcalc 2019/12/15 v1.3 Expandable calculations with integers (HO)
)
("C:\Program Files\MiKTeX\tex/generic/etexcmds\etexcmds.sty"
Package: etexcmds 2019/12/15 v1.7 Avoid name clashes with e-TeX commands (HO)
)
\Hy@SavedSpaceFactor=\count294
Package hyperref Info: Hyper figures OFF on input line 4464.
Package hyperref Info: Link nesting OFF on input line 4469.
Package hyperref Info: Hyper index ON on input line 4472.
Package hyperref Info: Plain pages OFF on input line 4479.
Package hyperref Info: Backreferencing OFF on input line 4484.
Package hyperref Info: Implicit mode ON; LaTeX internals redefined.
Package hyperref Info: Bookmarks ON on input line 4717.
\c@Hy@tempcnt=\count295

("C:\Program Files\MiKTeX\tex/latex/url\url.sty"
\Urlmuskip=\muskip16
Package: url 2013/09/16  ver 3.4  Verb mode for urls, etc.
)
LaTeX Info: Redefining \url on input line 5076.
\XeTeXLinkMargin=\dimen180

("C:\Program Files\MiKTeX\tex/generic/bitset\bitset.sty"
Package: bitset 2019/12/09 v1.3 Handle bit-vector datatype (HO)

("C:\Program Files\MiKTeX\tex/generic/bigintcalc\bigintcalc.sty"
Package: bigintcalc 2019/12/15 v1.5 Expandable calculations on big integers (HO
)
))
\Fld@menulength=\count296
\Field@Width=\dimen181
\Fld@charsize=\dimen182
Package hyperref Info: Hyper figures OFF on input line 6347.
Package hyperref Info: Link nesting OFF on input line 6352.
Package hyperref Info: Hyper index ON on input line 6355.
Package hyperref Info: backreferencing OFF on input line 6362.
Package hyperref Info: Link coloring OFF on input line 6367.
Package hyperref Info: Link coloring with OCG OFF on input line 6372.
Package hyperref Info: PDF/A mode OFF on input line 6377.
LaTeX Info: Redefining \ref on input line 6417.
LaTeX Info: Redefining \pageref on input line 6421.

("C:\Program Files\MiKTeX\tex/generic/atbegshi\atbegshi.sty"
Package: atbegshi 2019/12/05 v1.19 At begin shipout hook (HO)
)
\Hy@abspage=\count297
\c@Item=\count298
\c@Hfootnote=\count299
)
("C:\Program Files\MiKTeX\tex/latex/memoir\memhfixc.sty"
Package: memhfixc 2019/10/24 v1.18 nameref/hyperref package fixes for memoir cl
ass
\c@memhycontfloat=\count300
\c@Hpagenote=\count301
)
Package hyperref Info: Driver (autodetected): hpdftex.

("C:\Program Files\MiKTeX\tex/latex/hyperref\hpdftex.def"
File: hpdftex.def 2020-05-15 v7.00e Hyperref driver for pdfTeX

("C:\Program Files\MiKTeX\tex/latex/atveryend\atveryend.sty"
Package: atveryend 2019-12-11 v1.11 Hooks at the very end of document (HO)
Package atveryend Info: \enddocument detected (standard20110627).
)
\Fld@listcount=\count302
\c@bookmark@seq@number=\count303

("C:\Program Files\MiKTeX\tex/latex/rerunfilecheck\rerunfilecheck.sty"
Package: rerunfilecheck 2019/12/05 v1.9 Rerun checks for auxiliary files (HO)

("C:\Program Files\MiKTeX\tex/generic/uniquecounter\uniquecounter.sty"
Package: uniquecounter 2019/12/15 v1.4 Provide unlimited unique counter (HO)
)
Package uniquecounter Info: New unique counter `rerunfilecheck' on input line 2
86.
)
\Hy@SectionHShift=\skip191
)
("C:\Program Files\MiKTeX\tex/latex/bookmark\bookmark.sty"
Package: bookmark 2020-11-06 v1.29 PDF bookmarks (HO)

("C:\Program Files\MiKTeX\tex/latex/bookmark\bkm-pdftex-2019-12-03.def"
File: bkm-pdftex.def 2019/12/03 v1.28 bookmark driver for pdfTeX (HO)
\BKM@id=\count304
))
("C:\Program Files\MiKTeX\tex/generic/babel\babel.sty"
Package: babel 2020/09/01 3.48 The Babel package

("C:\Program Files\MiKTeX\tex/generic/babel\babel.def"
File: babel.def 2020/09/01 3.48 Babel common definitions
\babel@savecnt=\count305
\U@D=\dimen183
\l@babelnohyphens=\language79

("C:\Program Files\MiKTeX\tex/generic/babel\txtbabel.def")
\bbl@readstream=\read3
)
\bbl@dirlevel=\count306

*************************************
* Local config file bblopts.cfg used
*
("C:\Program Files\MiKTeX\tex/latex/arabi\bblopts.cfg"
File: bblopts.cfg 2005/09/08 v0.1 add Arabic and Farsi to "declared" options of
 babel
)
("C:\Program Files\MiKTeX\tex/latex/babel-english\english.ldf"
Language: english 2017/06/06 v3.3r English support from the babel system
Package babel Info: \l@canadian = using hyphenrules for english
(babel)             (\language0) on input line 102.
Package babel Info: \l@australian = using hyphenrules for ukenglish
(babel)             (\language73) on input line 105.
Package babel Info: \l@newzealand = using hyphenrules for ukenglish
(babel)             (\language73) on input line 108.
)
("C:\Program Files\MiKTeX\tex/generic/babel-french\french.ldf"
Language: french 2020/10/10 v3.5l French support from the babel system
Package babel Info: \l@acadian = using hyphenrules for french
(babel)             (\language22) on input line 91.
Package babel Info: \l@canadien = using hyphenrules for french
(babel)             (\language22) on input line 92.
\FB@nonchar=\count307
Package babel Info: Making : an active character on input line 430.
Package babel Info: Making ; an active character on input line 431.
Package babel Info: Making ! an active character on input line 432.
Package babel Info: Making ? an active character on input line 433.
\FBguill@level=\count308
\FBold@everypar=\toks24
\FB@Mht=\dimen184
\mc@charclass=\count309
\mc@charfam=\count310
\mc@charslot=\count311
\std@mcc=\count312
\dec@mcc=\count313
\listindentFB=\dimen185
\descindentFB=\dimen186
\labelindentFB=\dimen187
\labelwidthFB=\dimen188
\leftmarginFB=\dimen189
\parindentFFN=\dimen190
\FBfnindent=\dimen191
)
("C:\Program Files\MiKTeX\tex/latex/babel-spanish\spanish.ldf"
Language: spanish.ldf 2016/03/03 v5.0p Spanish support from the babel system
\es@quottoks=\toks25
\es@quotdepth=\count314
Package babel Info: Making " an active character on input line 561.
Package babel Info: Making . an active character on input line 662.
Package babel Info: Making < an active character on input line 707.
Package babel Info: Making > an active character on input line 707.
)
("C:\Program Files\MiKTeX\tex/latex/babel-portuges\brazil.ldf"
Language: portuges 2020/05/04 v1.2r Portuguese support from the babel system
Package babel Info: \l@brazil = using hyphenrules for portuguese
(babel)             (\language56) on input line 111.
))
("C:\Program Files\MiKTeX\tex/latex/carlisle\scalefnt.sty")
("C:\Program Files\MiKTeX\tex/latex/enumitem\enumitem.sty"
Package: enumitem 2019/06/20 v3.9 Customized lists
\labelindent=\skip192
\enit@outerparindent=\dimen192
\enit@toks=\toks26
\enit@inbox=\box50
\enit@count@id=\count315
\enitdp@description=\count316
)
("C:\Program Files\MiKTeX\tex/latex/tools\calc.sty"
Package: calc 2017/05/25 v4.3 Infix arithmetic (KKT,FJ)
\calc@Acount=\count317
\calc@Bcount=\count318
\calc@Adimen=\dimen193
\calc@Bdimen=\dimen194
\calc@Askip=\skip193
\calc@Bskip=\skip194
LaTeX Info: Redefining \setlength on input line 80.
LaTeX Info: Redefining \addtolength on input line 81.
\calc@Ccount=\count319
\calc@Cskip=\skip195
)

******************************************************
Stock height and width: 845.04684pt by 597.50787pt
Top and edge trims: 0pt and 0pt
Page height and width: 845.04684pt by 597.50787pt
Text height and width: 708pt by 455pt
Spine and edge margins: 85.35826pt and 56.9055pt
Upper and lower margins: 85.35826pt and 51.68858pt
Headheight and headsep: 14.5pt and 19.8738pt
Footskip: 30pt
Columnsep and columnseprule: 10pt and 0pt
Marginparsep and marginparwidth: 7pt and 42.9055pt
Sidecapsep and sidecapwidth: 7pt and 42pt
Sidebarhsep and sidebarwidth: 7pt and 42pt
Sidebarvsep and sidebartopsep: 14.5pt and 0pt
Sidebarheight: 590.14995pt
Sidefoothsep and sidefootwidth: 7pt and 42pt
Sidefootvsep and sidefootheight: 14.5pt and 590.14995pt
******************************************************

\c@abntex@bookmarkcounter=\count320
\cftlastnumwidth=\skip196
\chapternamenumlength=\skip197
\ABNTEXcitacaorecuo=\skip198
\c@alineasi=\count321
\c@alineasii=\count322
\enitdp@alineas=\count323
\c@subalineasi=\count324
\enitdp@subalineas=\count325
\c@incisosi=\count326
\enitdp@incisos=\count327
\ABNTEXsignwidth=\skip199
\ABNTEXsignthickness=\skip256
\ABNTEXsignskip=\skip257
) ("C:\Program Files\MiKTeX\tex/latex/lm\lmodern.sty"
Package: lmodern 2009/10/30 v1.6 Latin Modern Fonts
LaTeX Font Info:    Overwriting symbol font `operators' in version `normal'
(Font)                  OT1/cmr/m/n --> OT1/lmr/m/n on input line 22.
LaTeX Font Info:    Overwriting symbol font `letters' in version `normal'
(Font)                  OML/cmm/m/it --> OML/lmm/m/it on input line 23.
LaTeX Font Info:    Overwriting symbol font `symbols' in version `normal'
(Font)                  OMS/cmsy/m/n --> OMS/lmsy/m/n on input line 24.
LaTeX Font Info:    Overwriting symbol font `largesymbols' in version `normal'
(Font)                  OMX/cmex/m/n --> OMX/lmex/m/n on input line 25.
LaTeX Font Info:    Overwriting symbol font `operators' in version `bold'
(Font)                  OT1/cmr/bx/n --> OT1/lmr/bx/n on input line 26.
LaTeX Font Info:    Overwriting symbol font `letters' in version `bold'
(Font)                  OML/cmm/b/it --> OML/lmm/b/it on input line 27.
LaTeX Font Info:    Overwriting symbol font `symbols' in version `bold'
(Font)                  OMS/cmsy/b/n --> OMS/lmsy/b/n on input line 28.
LaTeX Font Info:    Overwriting symbol font `largesymbols' in version `bold'
(Font)                  OMX/cmex/m/n --> OMX/lmex/m/n on input line 29.
LaTeX Font Info:    Overwriting math alphabet `\mathbf' in version `normal'
(Font)                  OT1/cmr/bx/n --> OT1/lmr/bx/n on input line 31.
LaTeX Font Info:    Overwriting math alphabet `\mathsf' in version `normal'
(Font)                  OT1/cmss/m/n --> OT1/lmss/m/n on input line 32.
LaTeX Font Info:    Overwriting math alphabet `\mathit' in version `normal'
(Font)                  OT1/cmr/m/it --> OT1/lmr/m/it on input line 33.
LaTeX Font Info:    Overwriting math alphabet `\mathtt' in version `normal'
(Font)                  OT1/cmtt/m/n --> OT1/lmtt/m/n on input line 34.
LaTeX Font Info:    Overwriting math alphabet `\mathbf' in version `bold'
(Font)                  OT1/cmr/bx/n --> OT1/lmr/bx/n on input line 35.
LaTeX Font Info:    Overwriting math alphabet `\mathsf' in version `bold'
(Font)                  OT1/cmss/bx/n --> OT1/lmss/bx/n on input line 36.
LaTeX Font Info:    Overwriting math alphabet `\mathit' in version `bold'
(Font)                  OT1/cmr/bx/it --> OT1/lmr/bx/it on input line 37.
LaTeX Font Info:    Overwriting math alphabet `\mathtt' in version `bold'
(Font)                  OT1/cmtt/m/n --> OT1/lmtt/m/n on input line 38.
)
("C:\Program Files\MiKTeX\tex/latex/base\fontenc.sty"
Package: fontenc 2020/02/11 v2.0o Standard LaTeX package
LaTeX Font Info:    Trying to load font information for T1+lmr on input line 11
2.

("C:\Program Files\MiKTeX\tex/latex/lm\t1lmr.fd"
File: t1lmr.fd 2009/10/30 v1.6 Font defs for Latin Modern
))
("C:\Program Files\MiKTeX\tex/latex/base\inputenc.sty"
Package: inputenc 2018/08/11 v1.3c Input encoding file
\inpenc@prehook=\toks27
\inpenc@posthook=\toks28
)
("C:\Program Files\MiKTeX\tex/latex/tools\indentfirst.sty"
Package: indentfirst 1995/11/23 v1.03 Indent first paragraph (DPC)
)
("C:\Program Files\MiKTeX\tex/latex/graphics\color.sty"
Package: color 2019/11/23 v1.2a Standard LaTeX Color (DPC)

("C:\Program Files\MiKTeX\tex/latex/graphics-cfg\color.cfg"
File: color.cfg 2016/01/02 v1.6 sample color configuration
)
Package color Info: Driver file: pdftex.def on input line 147.

("C:\Program Files\MiKTeX\tex/latex/graphics-def\pdftex.def"
File: pdftex.def 2020/08/26 v1.2 Graphics/color driver for pdftex
))
("C:\Program Files\MiKTeX\tex/latex/graphics\graphicx.sty"
Package: graphicx 2019/11/30 v1.2a Enhanced LaTeX Graphics (DPC,SPQR)

("C:\Program Files\MiKTeX\tex/latex/graphics\graphics.sty"
Package: graphics 2019/11/30 v1.4a Standard LaTeX Graphics (DPC,SPQR)

("C:\Program Files\MiKTeX\tex/latex/graphics\trig.sty"
Package: trig 2016/01/03 v1.10 sin cos tan (DPC)
)
("C:\Program Files\MiKTeX\tex/latex/graphics-cfg\graphics.cfg"
File: graphics.cfg 2016/06/04 v1.11 sample graphics configuration
)
Package graphics Info: Driver file: pdftex.def on input line 105.
)
\Gin@req@height=\dimen195
\Gin@req@width=\dimen196
)
("C:\Program Files\MiKTeX\tex/latex/microtype\microtype.sty"
Package: microtype 2019/11/18 v2.7d Micro-typographical refinements (RS)
\MT@toks=\toks29
\MT@count=\count328
LaTeX Info: Redefining \textls on input line 790.
\MT@outer@kern=\dimen197
LaTeX Info: Redefining \textmicrotypecontext on input line 1354.
\MT@listname@count=\count329

("C:\Program Files\MiKTeX\tex/latex/microtype\microtype-pdftex.def"
File: microtype-pdftex.def 2019/11/18 v2.7d Definitions specific to pdftex (RS)

LaTeX Info: Redefining \lsstyle on input line 914.
LaTeX Info: Redefining \lslig on input line 914.
\MT@outer@space=\skip258
)
Package microtype Info: Loading configuration file microtype.cfg.

("C:\Program Files\MiKTeX\tex/latex/microtype\microtype.cfg"
File: microtype.cfg 2019/11/18 v2.7d microtype main configuration file (RS)
)) (uepg.sty
Package: uepg 2014/09/01 Criacao desta customizacao do abnTeX2
)
("C:\Program Files\MiKTeX\tex/latex/lipsum\lipsum.sty"
("C:\Program Files\MiKTeX\tex/latex/l3kernel\expl3.sty"
Package: expl3 2020-09-03 L3 programming layer (loader) 

("C:\Program Files\MiKTeX\tex/latex/l3backend\l3backend-pdftex.def"
File: l3backend-pdftex.def 2020-09-01 L3 backend support: PDF output (pdfTeX)
\l__kernel_color_stack_int=\count330
\l__pdf_internal_box=\box51
))
("C:\Program Files\MiKTeX\tex/latex/l3packages/xparse\xparse.sty"
Package: xparse 2020-05-15 L3 Experimental document command parser

("C:\Program Files\MiKTeX\tex/latex/l3packages/xparse\xparse-generic.tex"
\l__xparse_current_arg_int=\count331
\g__xparse_grabber_int=\count332
\l__xparse_m_args_int=\count333
\l__xparse_v_nesting_int=\count334
))
Package: lipsum 2021-03-03 v2.3 150 paragraphs of Lorem Ipsum dummy text

("C:\Program Files\MiKTeX\tex/latex/lipsum\lipsum.ltd.tex"
File: lipsum.ltd.tex 2021-03-03 v2.3 The Lorem ipsum dummy text
))
("C:\Program Files\MiKTeX\tex/latex/amsfonts\amssymb.sty"
Package: amssymb 2013/01/14 v3.01 AMS font symbols

("C:\Program Files\MiKTeX\tex/latex/amsfonts\amsfonts.sty"
Package: amsfonts 2013/01/14 v3.01 Basic AMSFonts support
\@emptytoks=\toks30
\symAMSa=\mathgroup4
\symAMSb=\mathgroup5
LaTeX Font Info:    Redeclaring math symbol \hbar on input line 98.
LaTeX Font Info:    Overwriting math alphabet `\mathfrak' in version `bold'
(Font)                  U/euf/m/n --> U/euf/b/n on input line 106.
))
("C:\Program Files\MiKTeX\tex/latex/amsmath\amsmath.sty"
Package: amsmath 2020/01/20 v2.17e AMS math features
\@mathmargin=\skip259

For additional information on amsmath, use the `?' option.
("C:\Program Files\MiKTeX\tex/latex/amsmath\amstext.sty"
Package: amstext 2000/06/29 v2.01 AMS text

("C:\Program Files\MiKTeX\tex/latex/amsmath\amsgen.sty"
File: amsgen.sty 1999/11/30 v2.0 generic functions
\@emptytoks=\toks31
\ex@=\dimen198
))
("C:\Program Files\MiKTeX\tex/latex/amsmath\amsbsy.sty"
Package: amsbsy 1999/11/29 v1.2d Bold Symbols
\pmbraise@=\dimen199
)
("C:\Program Files\MiKTeX\tex/latex/amsmath\amsopn.sty"
Package: amsopn 2016/03/08 v2.02 operator names
)
\inf@bad=\count335
LaTeX Info: Redefining \frac on input line 227.
\uproot@=\count336
\leftroot@=\count337
LaTeX Info: Redefining \overline on input line 389.
\classnum@=\count338
\DOTSCASE@=\count339
LaTeX Info: Redefining \ldots on input line 486.
LaTeX Info: Redefining \dots on input line 489.
LaTeX Info: Redefining \cdots on input line 610.
\Mathstrutbox@=\box52
\strutbox@=\box53
\big@size=\dimen256
LaTeX Font Info:    Redeclaring font encoding OML on input line 733.
LaTeX Font Info:    Redeclaring font encoding OMS on input line 734.
\macc@depth=\count340
\c@MaxMatrixCols=\count341
\dotsspace@=\muskip17
\c@parentequation=\count342
\dspbrk@lvl=\count343
\tag@help=\toks32
\row@=\count344
\column@=\count345
\maxfields@=\count346
\andhelp@=\toks33
\eqnshift@=\dimen257
\alignsep@=\dimen258
\tagshift@=\dimen259
\tagwidth@=\dimen260
\totwidth@=\dimen261
\lineht@=\dimen262
\@envbody=\toks34
\multlinegap=\skip260
\multlinetaggap=\skip261
\mathdisplay@stack=\toks35
LaTeX Info: Redefining \[ on input line 2859.
LaTeX Info: Redefining \] on input line 2860.
)
("C:\Program Files\MiKTeX\tex/latex/graphics\lscape.sty"
Package: lscape 2000/10/22 v3.01 Landscape Pages (DPC)
)
("C:\Program Files\MiKTeX\tex/latex/tools\longtable.sty"
Package: longtable 2020/01/07 v4.13 Multi-page Table package (DPC)
\LTleft=\skip262
\LTright=\skip263
\LTpre=\skip264
\LTpost=\skip265
\LTchunksize=\count347
\LTcapwidth=\dimen263
\LT@head=\box54
\LT@firsthead=\box55
\LT@foot=\box56
\LT@lastfoot=\box57
\LT@cols=\count348
\LT@rows=\count349
\c@LT@tables=\count350
\c@LT@chunks=\count351
\LT@p@ftn=\toks36
)
("C:\Program Files\MiKTeX\tex/latex/listings\listings.sty"
\lst@mode=\count352
\lst@gtempboxa=\box58
\lst@token=\toks37
\lst@length=\count353
\lst@currlwidth=\dimen264
\lst@column=\count354
\lst@pos=\count355
\lst@lostspace=\dimen265
\lst@width=\dimen266
\lst@newlines=\count356
\lst@lineno=\count357
\lst@maxwidth=\dimen267

("C:\Program Files\MiKTeX\tex/latex/listings\lstmisc.sty"
File: lstmisc.sty 2020/03/24 1.8d (Carsten Heinz)
\c@lstnumber=\count358
\lst@skipnumbers=\count359
\lst@framebox=\box59
)
("C:\Program Files\MiKTeX\tex/latex/listings\listings.cfg"
File: listings.cfg 2020/03/24 1.8d listings configuration
))
Package: listings 2020/03/24 1.8d (Carsten Heinz)
 (gantt.sty
Package: gantt 2011/03/20 Some macros for drawing gantt diagrams using tkiz v.1
.3

("C:\Program Files\MiKTeX\tex/latex/pgf/frontendlayer\tikz.sty"
("C:\Program Files\MiKTeX\tex/latex/pgf/basiclayer\pgf.sty"
("C:\Program Files\MiKTeX\tex/latex/pgf/utilities\pgfrcs.sty"
("C:\Program Files\MiKTeX\tex/generic/pgf/utilities\pgfutil-common.tex"
\pgfutil@everybye=\toks38
\pgfutil@tempdima=\dimen268
\pgfutil@tempdimb=\dimen269

("C:\Program Files\MiKTeX\tex/generic/pgf/utilities\pgfutil-common-lists.tex"))
("C:\Program Files\MiKTeX\tex/generic/pgf/utilities\pgfutil-latex.def"
\pgfutil@abb=\box60

("C:\Program Files\MiKTeX\tex/latex/ms\everyshi.sty"
Package: everyshi 2001/05/15 v3.00 EveryShipout Package (MS)
))
("C:\Program Files\MiKTeX\tex/generic/pgf/utilities\pgfrcs.code.tex"
("C:\Program Files\MiKTeX\tex/generic/pgf\pgf.revision.tex")
Package: pgfrcs 2020/01/08 v3.1.5b (3.1.5b)
))
Package: pgf 2020/01/08 v3.1.5b (3.1.5b)

("C:\Program Files\MiKTeX\tex/latex/pgf/basiclayer\pgfcore.sty"
("C:\Program Files\MiKTeX\tex/latex/pgf/systemlayer\pgfsys.sty"
("C:\Program Files\MiKTeX\tex/generic/pgf/systemlayer\pgfsys.code.tex"
Package: pgfsys 2020/01/08 v3.1.5b (3.1.5b)

("C:\Program Files\MiKTeX\tex/generic/pgf/utilities\pgfkeys.code.tex"
\pgfkeys@pathtoks=\toks39
\pgfkeys@temptoks=\toks40

("C:\Program Files\MiKTeX\tex/generic/pgf/utilities\pgfkeysfiltered.code.tex"
\pgfkeys@tmptoks=\toks41
))
\pgf@x=\dimen270
\pgf@y=\dimen271
\pgf@xa=\dimen272
\pgf@ya=\dimen273
\pgf@xb=\dimen274
\pgf@yb=\dimen275
\pgf@xc=\dimen276
\pgf@yc=\dimen277
\pgf@xd=\dimen278
\pgf@yd=\dimen279
\w@pgf@writea=\write4
\r@pgf@reada=\read4
\c@pgf@counta=\count360
\c@pgf@countb=\count361
\c@pgf@countc=\count362
\c@pgf@countd=\count363
\t@pgf@toka=\toks42
\t@pgf@tokb=\toks43
\t@pgf@tokc=\toks44
\pgf@sys@id@count=\count364
("C:\Program Files\MiKTeX\tex/generic/pgf/systemlayer\pgf.cfg"
File: pgf.cfg 2020/01/08 v3.1.5b (3.1.5b)
)
Driver file for pgf: pgfsys-pdftex.def

("C:\Program Files\MiKTeX\tex/generic/pgf/systemlayer\pgfsys-pdftex.def"
File: pgfsys-pdftex.def 2020/01/08 v3.1.5b (3.1.5b)

("C:\Program Files\MiKTeX\tex/generic/pgf/systemlayer\pgfsys-common-pdf.def"
File: pgfsys-common-pdf.def 2020/01/08 v3.1.5b (3.1.5b)
))) ("C:\Program Files\MiKTeX\tex/generic/pgf/systemlayer\pgfsyssoftpath.code.t
ex"
File: pgfsyssoftpath.code.tex 2020/01/08 v3.1.5b (3.1.5b)
\pgfsyssoftpath@smallbuffer@items=\count365
\pgfsyssoftpath@bigbuffer@items=\count366
) ("C:\Program Files\MiKTeX\tex/generic/pgf/systemlayer\pgfsysprotocol.code.tex
"
File: pgfsysprotocol.code.tex 2020/01/08 v3.1.5b (3.1.5b)
)) ("C:\Program Files\MiKTeX\tex/latex/xcolor\xcolor.sty"
Package: xcolor 2016/05/11 v2.12 LaTeX color extensions (UK)

("C:\Program Files\MiKTeX\tex/latex/graphics-cfg\color.cfg"
File: color.cfg 2016/01/02 v1.6 sample color configuration
)
Package xcolor Info: Driver file: pdftex.def on input line 225.
LaTeX Info: Redefining \color on input line 709.
Package xcolor Info: Model `cmy' substituted by `cmy0' on input line 1348.
Package xcolor Info: Model `hsb' substituted by `rgb' on input line 1352.
Package xcolor Info: Model `RGB' extended on input line 1364.
Package xcolor Info: Model `HTML' substituted by `rgb' on input line 1366.
Package xcolor Info: Model `Hsb' substituted by `hsb' on input line 1367.
Package xcolor Info: Model `tHsb' substituted by `hsb' on input line 1368.
Package xcolor Info: Model `HSB' substituted by `hsb' on input line 1369.
Package xcolor Info: Model `Gray' substituted by `gray' on input line 1370.
Package xcolor Info: Model `wave' substituted by `hsb' on input line 1371.
)
("C:\Program Files\MiKTeX\tex/generic/pgf/basiclayer\pgfcore.code.tex"
Package: pgfcore 2020/01/08 v3.1.5b (3.1.5b)

("C:\Program Files\MiKTeX\tex/generic/pgf/math\pgfmath.code.tex"
("C:\Program Files\MiKTeX\tex/generic/pgf/math\pgfmathcalc.code.tex"
("C:\Program Files\MiKTeX\tex/generic/pgf/math\pgfmathutil.code.tex")
("C:\Program Files\MiKTeX\tex/generic/pgf/math\pgfmathparser.code.tex"
\pgfmath@dimen=\dimen280
\pgfmath@count=\count367
\pgfmath@box=\box61
\pgfmath@toks=\toks45
\pgfmath@stack@operand=\toks46
\pgfmath@stack@operation=\toks47
)
("C:\Program Files\MiKTeX\tex/generic/pgf/math\pgfmathfunctions.code.tex"
("C:\Program Files\MiKTeX\tex/generic/pgf/math\pgfmathfunctions.basic.code.tex"
)
("C:\Program Files\MiKTeX\tex/generic/pgf/math\pgfmathfunctions.trigonometric.c
ode.tex")
("C:\Program Files\MiKTeX\tex/generic/pgf/math\pgfmathfunctions.random.code.tex
")
("C:\Program Files\MiKTeX\tex/generic/pgf/math\pgfmathfunctions.comparison.code
.tex")
("C:\Program Files\MiKTeX\tex/generic/pgf/math\pgfmathfunctions.base.code.tex")
("C:\Program Files\MiKTeX\tex/generic/pgf/math\pgfmathfunctions.round.code.tex"
) ("C:\Program Files\MiKTeX\tex/generic/pgf/math\pgfmathfunctions.misc.code.tex
")
("C:\Program Files\MiKTeX\tex/generic/pgf/math\pgfmathfunctions.integerarithmet
ics.code.tex")))
("C:\Program Files\MiKTeX\tex/generic/pgf/math\pgfmathfloat.code.tex"
\c@pgfmathroundto@lastzeros=\count368
))
("C:\Program Files\MiKTeX\tex/generic/pgf/math\pgfint.code.tex")
("C:\Program Files\MiKTeX\tex/generic/pgf/basiclayer\pgfcorepoints.code.tex"
File: pgfcorepoints.code.tex 2020/01/08 v3.1.5b (3.1.5b)
\pgf@picminx=\dimen281
\pgf@picmaxx=\dimen282
\pgf@picminy=\dimen283
\pgf@picmaxy=\dimen284
\pgf@pathminx=\dimen285
\pgf@pathmaxx=\dimen286
\pgf@pathminy=\dimen287
\pgf@pathmaxy=\dimen288
\pgf@xx=\dimen289
\pgf@xy=\dimen290
\pgf@yx=\dimen291
\pgf@yy=\dimen292
\pgf@zx=\dimen293
\pgf@zy=\dimen294
)
("C:\Program Files\MiKTeX\tex/generic/pgf/basiclayer\pgfcorepathconstruct.code.
tex"
File: pgfcorepathconstruct.code.tex 2020/01/08 v3.1.5b (3.1.5b)
\pgf@path@lastx=\dimen295
\pgf@path@lasty=\dimen296
)
("C:\Program Files\MiKTeX\tex/generic/pgf/basiclayer\pgfcorepathusage.code.tex"
File: pgfcorepathusage.code.tex 2020/01/08 v3.1.5b (3.1.5b)
\pgf@shorten@end@additional=\dimen297
\pgf@shorten@start@additional=\dimen298
) ("C:\Program Files\MiKTeX\tex/generic/pgf/basiclayer\pgfcorescopes.code.tex"
File: pgfcorescopes.code.tex 2020/01/08 v3.1.5b (3.1.5b)
\pgfpic=\box62
\pgf@hbox=\box63
\pgf@layerbox@main=\box64
\pgf@picture@serial@count=\count369
)
("C:\Program Files\MiKTeX\tex/generic/pgf/basiclayer\pgfcoregraphicstate.code.t
ex"
File: pgfcoregraphicstate.code.tex 2020/01/08 v3.1.5b (3.1.5b)
\pgflinewidth=\dimen299
)
("C:\Program Files\MiKTeX\tex/generic/pgf/basiclayer\pgfcoretransformations.cod
e.tex"
File: pgfcoretransformations.code.tex 2020/01/08 v3.1.5b (3.1.5b)
\pgf@pt@x=\dimen300
\pgf@pt@y=\dimen301
\pgf@pt@temp=\dimen302
)
("C:\Program Files\MiKTeX\tex/generic/pgf/basiclayer\pgfcorequick.code.tex"
File: pgfcorequick.code.tex 2020/01/08 v3.1.5b (3.1.5b)
)
("C:\Program Files\MiKTeX\tex/generic/pgf/basiclayer\pgfcoreobjects.code.tex"
File: pgfcoreobjects.code.tex 2020/01/08 v3.1.5b (3.1.5b)
)
("C:\Program Files\MiKTeX\tex/generic/pgf/basiclayer\pgfcorepathprocessing.code
.tex"
File: pgfcorepathprocessing.code.tex 2020/01/08 v3.1.5b (3.1.5b)
)
("C:\Program Files\MiKTeX\tex/generic/pgf/basiclayer\pgfcorearrows.code.tex"
File: pgfcorearrows.code.tex 2020/01/08 v3.1.5b (3.1.5b)
\pgfarrowsep=\dimen303
)
("C:\Program Files\MiKTeX\tex/generic/pgf/basiclayer\pgfcoreshade.code.tex"
File: pgfcoreshade.code.tex 2020/01/08 v3.1.5b (3.1.5b)
\pgf@max=\dimen304
\pgf@sys@shading@range@num=\count370
\pgf@shadingcount=\count371
)
("C:\Program Files\MiKTeX\tex/generic/pgf/basiclayer\pgfcoreimage.code.tex"
File: pgfcoreimage.code.tex 2020/01/08 v3.1.5b (3.1.5b)

("C:\Program Files\MiKTeX\tex/generic/pgf/basiclayer\pgfcoreexternal.code.tex"
File: pgfcoreexternal.code.tex 2020/01/08 v3.1.5b (3.1.5b)
\pgfexternal@startupbox=\box65
)) ("C:\Program Files\MiKTeX\tex/generic/pgf/basiclayer\pgfcorelayers.code.tex"
File: pgfcorelayers.code.tex 2020/01/08 v3.1.5b (3.1.5b)
)
("C:\Program Files\MiKTeX\tex/generic/pgf/basiclayer\pgfcoretransparency.code.t
ex"
File: pgfcoretransparency.code.tex 2020/01/08 v3.1.5b (3.1.5b)
)
("C:\Program Files\MiKTeX\tex/generic/pgf/basiclayer\pgfcorepatterns.code.tex"
File: pgfcorepatterns.code.tex 2020/01/08 v3.1.5b (3.1.5b)
) ("C:\Program Files\MiKTeX\tex/generic/pgf/basiclayer\pgfcorerdf.code.tex"
File: pgfcorerdf.code.tex 2020/01/08 v3.1.5b (3.1.5b)
)))
("C:\Program Files\MiKTeX\tex/generic/pgf/modules\pgfmoduleshapes.code.tex"
File: pgfmoduleshapes.code.tex 2020/01/08 v3.1.5b (3.1.5b)
\pgfnodeparttextbox=\box66
)
("C:\Program Files\MiKTeX\tex/generic/pgf/modules\pgfmoduleplot.code.tex"
File: pgfmoduleplot.code.tex 2020/01/08 v3.1.5b (3.1.5b)
)
("C:\Program Files\MiKTeX\tex/latex/pgf/compatibility\pgfcomp-version-0-65.sty"
Package: pgfcomp-version-0-65 2020/01/08 v3.1.5b (3.1.5b)
\pgf@nodesepstart=\dimen305
\pgf@nodesepend=\dimen306
) ("C:\Program Files\MiKTeX\tex/latex/pgf/compatibility\pgfcomp-version-1-18.st
y"
Package: pgfcomp-version-1-18 2020/01/08 v3.1.5b (3.1.5b)
)) ("C:\Program Files\MiKTeX\tex/latex/pgf/utilities\pgffor.sty"
("C:\Program Files\MiKTeX\tex/latex/pgf/utilities\pgfkeys.sty"
("C:\Program Files\MiKTeX\tex/generic/pgf/utilities\pgfkeys.code.tex"))
("C:\Program Files\MiKTeX\tex/latex/pgf/math\pgfmath.sty"
("C:\Program Files\MiKTeX\tex/generic/pgf/math\pgfmath.code.tex"))
("C:\Program Files\MiKTeX\tex/generic/pgf/utilities\pgffor.code.tex"
Package: pgffor 2020/01/08 v3.1.5b (3.1.5b)

("C:\Program Files\MiKTeX\tex/generic/pgf/math\pgfmath.code.tex")
\pgffor@iter=\dimen307
\pgffor@skip=\dimen308
\pgffor@stack=\toks48
\pgffor@toks=\toks49
))
("C:\Program Files\MiKTeX\tex/generic/pgf/frontendlayer/tikz\tikz.code.tex"
Package: tikz 2020/01/08 v3.1.5b (3.1.5b)

("C:\Program Files\MiKTeX\tex/generic/pgf/libraries\pgflibraryplothandlers.code
.tex"
File: pgflibraryplothandlers.code.tex 2020/01/08 v3.1.5b (3.1.5b)
\pgf@plot@mark@count=\count372
\pgfplotmarksize=\dimen309
)
\tikz@lastx=\dimen310
\tikz@lasty=\dimen311
\tikz@lastxsaved=\dimen312
\tikz@lastysaved=\dimen313
\tikz@lastmovetox=\dimen314
\tikz@lastmovetoy=\dimen315
\tikzleveldistance=\dimen316
\tikzsiblingdistance=\dimen317
\tikz@figbox=\box67
\tikz@figbox@bg=\box68
\tikz@tempbox=\box69
\tikz@tempbox@bg=\box70
\tikztreelevel=\count373
\tikznumberofchildren=\count374
\tikznumberofcurrentchild=\count375
\tikz@fig@count=\count376

("C:\Program Files\MiKTeX\tex/generic/pgf/modules\pgfmodulematrix.code.tex"
File: pgfmodulematrix.code.tex 2020/01/08 v3.1.5b (3.1.5b)
\pgfmatrixcurrentrow=\count377
\pgfmatrixcurrentcolumn=\count378
\pgf@matrix@numberofcolumns=\count379
)
\tikz@expandcount=\count380

("C:\Program Files\MiKTeX\tex/generic/pgf/frontendlayer/tikz/libraries\tikzlibr
arytopaths.code.tex"
File: tikzlibrarytopaths.code.tex 2020/01/08 v3.1.5b (3.1.5b)
))) ("C:\Program Files\MiKTeX\tex/latex/xkeyval\xkeyval.sty"
Package: xkeyval 2014/12/03 v2.7a package option processing (HA)
 ("C:\Program Files\MiKTeX\tex/generic/xkeyval\xkeyval.tex"
("C:\Program Files\MiKTeX\tex/generic/xkeyval\xkvutils.tex"
\XKV@toks=\toks50
\XKV@tempa@toks=\toks51
)
\XKV@depth=\count381
File: xkeyval.tex 2014/12/03 v2.7a key=value parser (HA)
))
("C:\Program Files\MiKTeX\tex/latex/forloop\forloop.sty"
Package: forloop 2006/09/18 v3.0 For Loops for LaTeX
)
("C:\Program Files\MiKTeX\tex/generic/pgf/frontendlayer/tikz/libraries\tikzlibr
arypatterns.code.tex"
File: tikzlibrarypatterns.code.tex 2020/01/08 v3.1.5b (3.1.5b)

("C:\Program Files\MiKTeX\tex/generic/pgf/libraries\pgflibrarypatterns.code.tex
"
File: pgflibrarypatterns.code.tex 2020/01/08 v3.1.5b (3.1.5b)
))
("C:\Program Files\MiKTeX\tex/generic/pgf/frontendlayer/tikz/libraries\tikzlibr
aryarrows.code.tex"
File: tikzlibraryarrows.code.tex 2020/01/08 v3.1.5b (3.1.5b)

("C:\Program Files\MiKTeX\tex/generic/pgf/libraries\pgflibraryarrows.code.tex"
File: pgflibraryarrows.code.tex 2020/01/08 v3.1.5b (3.1.5b)
\arrowsize=\dimen318
))
\c@ganttnum=\count382
\c@ganttwidth=\count383
\ganttlastx=\skip266
\nextganttlastx=\skip267
\gantttmpa=\skip268
\gantttmpb=\skip269
\ganttunitlength=\skip270
\titleunitlength=\skip271
\c@gantttitlenum=\count384
\pgf@layerbox@background=\box71
\pgf@layerboxsaved@background=\box72
\pgf@layerbox@foreground=\box73
\pgf@layerboxsaved@foreground=\box74
) ("C:\Program Files\MiKTeX\tex/latex/inconsolata\inconsolata.sty"
Package: inconsolata 2019/05/17 v1.12

`inconsolata-zi4' v1.12, 2019/05/17 Text macros for Inconsolata (msharpe)
("C:\Program Files\MiKTeX\tex/latex/base\textcomp.sty"
Package: textcomp 2020/02/02 v2.0n Standard LaTeX package
)
\zifour@ocount=\count385
)
("C:\Program Files\MiKTeX\tex/latex/hyperref\backref.sty"
Package: backref 2020/01/14 v1.40 Bibliographical back referencing
) (abntex2cite.sty
Package: abntex2cite 2018/11/24 v-1.9.7 abnTeX2

("C:\Program Files\MiKTeX\tex/latex/abntex2\abntex2abrev.sty")
\minimumbiblabelwidth=\skip272
\ABCIauxlen=\skip273
\c@ABCIaux=\count386
\c@ABCImax=\count387

("C:\Program Files\MiKTeX\tex/generic/iftex\ifpdf.sty"
Package: ifpdf 2019/10/25 v3.4 ifpdf legacy package. Use iftex instead.
)
("C:\Program Files\MiKTeX\tex/generic/iftex\ifxetex.sty"
Package: ifxetex 2019/10/25 v0.7 ifxetex legacy package. Use iftex instead.
)
("C:\Program Files\MiKTeX\tex/latex/relsize\relsize.sty"
Package: relsize 2013/03/29 ver 4.1
)
\biblabelsep=\skip274
LaTeX Info: Redefining \newblock on input line 591.
LaTeX Info: Redefining \cite on input line 618.
\ABCItoken=\toks52
)
Package hyperref Info: Option `colorlinks' set `true' on input line 110.
\c@quadro=\count388
\c@loqdepth=\count389
\cftbeforequadroskip=\skip275
\cftquadroindent=\skip276
\cftquadronumwidth=\skip277
\tcc@idxfile=\write5
\openout5 = `tcc.idx'.


Writing index file tcc.idx 
(tcc.aux (introducao.aux) (revisao.aux) (metodologia.aux) (resultados.aux)
(conclusao.aux))
\openout1 = `tcc.aux'.

LaTeX Font Info:    Checking defaults for OML/cmm/m/it on input line 160.
LaTeX Font Info:    ... okay on input line 160.
LaTeX Font Info:    Checking defaults for OMS/cmsy/m/n on input line 160.
LaTeX Font Info:    ... okay on input line 160.
LaTeX Font Info:    Checking defaults for OT1/cmr/m/n on input line 160.
LaTeX Font Info:    ... okay on input line 160.
LaTeX Font Info:    Checking defaults for T1/cmr/m/n on input line 160.
LaTeX Font Info:    ... okay on input line 160.
LaTeX Font Info:    Checking defaults for TS1/cmr/m/n on input line 160.
LaTeX Font Info:    ... okay on input line 160.
LaTeX Font Info:    Checking defaults for OMX/cmex/m/n on input line 160.
LaTeX Font Info:    ... okay on input line 160.
LaTeX Font Info:    Checking defaults for U/cmr/m/n on input line 160.
LaTeX Font Info:    ... okay on input line 160.
LaTeX Font Info:    Checking defaults for PD1/pdf/m/n on input line 160.
LaTeX Font Info:    ... okay on input line 160.
LaTeX Font Info:    Trying to load font information for T1+phv on input line 16
0.
 ("C:\Program Files\MiKTeX\tex/latex/psnfss\t1phv.fd"
File: t1phv.fd 2020/03/25 scalable font definitions for T1/phv.
)
\AtBeginShipoutBox=\box75
Package hyperref Info: Link coloring ON on input line 160.

("C:\Program Files\MiKTeX\tex/latex/hyperref\nameref.sty"
Package: nameref 2019/09/16 v2.46 Cross-referencing by name of section

("C:\Program Files\MiKTeX\tex/latex/refcount\refcount.sty"
Package: refcount 2019/12/15 v3.6 Data extraction from label references (HO)
)
("C:\Program Files\MiKTeX\tex/generic/gettitlestring\gettitlestring.sty"
Package: gettitlestring 2019/12/15 v1.6 Cleanup title references (HO)
)
\c@section@level=\count390
)
Redoing nameref's sectioning
Redoing nameref's label
LaTeX Info: Redefining \nameref on input line 160.
LaTeX Info: Redefining \ref on input line 160.
LaTeX Info: Redefining \pageref on input line 160.
LaTeX Info: Redefining \nameref on input line 160.
LaTeX Info: Redefining \degres on input line 160.
LaTeX Info: Redefining \dots on input line 160.
LaTeX Info: Redefining \up on input line 160.
\myptabbox=\box76
\myptabboxwidth=\skip278
("C:\Program Files\MiKTeX\tex/context/base/mkii\supp-pdf.mkii"
[Loading MPS to PDF converter (version 2006.09.02).]
\scratchcounter=\count391
\scratchdimen=\dimen319
\scratchbox=\box77
\nofMPsegments=\count392
\nofMParguments=\count393
\everyMPshowfont=\toks53
\MPscratchCnt=\count394
\MPscratchDim=\dimen320
\MPnumerator=\count395
\makeMPintoPDFobject=\count396
\everyMPtoPDFconversion=\toks54
) ("C:\Program Files\MiKTeX\tex/latex/epstopdf-pkg\epstopdf-base.sty"
Package: epstopdf-base 2020-01-24 v2.11 Base part for package epstopdf
Package epstopdf-base Info: Redefining graphics rule for `.eps' on input line 4
85.
)
LaTeX Info: Redefining \microtypecontext on input line 160.
Package microtype Info: Generating PDF output.
Package microtype Info: Character protrusion enabled (level 2).
Package microtype Info: Using default protrusion set `alltext'.
Package microtype Info: Automatic font expansion enabled (level 2),
(microtype)             stretch: 20, shrink: 20, step: 1, non-selected.
Package microtype Info: Using default expansion set `basictext'.
LaTeX Info: Redefining \showhyphens on input line 160.
Package microtype Info: No adjustment of tracking.
Package microtype Info: No adjustment of interword spacing.
Package microtype Info: No adjustment of character kerning.
Package microtype Info: Loading generic protrusion settings for font family
(microtype)             `phv' (encoding: T1).
(microtype)             For optimal results, create family-specific settings.
(microtype)             See the microtype manual for details.
\c@lstlisting=\count397

ABD: EveryShipout initializing macros
("C:\Program Files\MiKTeX\tex/latex/upquote\upquote.sty"
Package: upquote 2012/04/19 v1.3 upright-quote and grave-accent glyphs in verba
tim
) [1

{C:/Users/elvim/AppData/Local/MiKTeX/pdftex/config/pdftex.map}]
LaTeX Font Info:    Trying to load font information for OT1+lmr on input line 1
73.

("C:\Program Files\MiKTeX\tex/latex/lm\ot1lmr.fd"
File: ot1lmr.fd 2009/10/30 v1.6 Font defs for Latin Modern
)
("C:\Program Files\MiKTeX\tex/latex/microtype\mt-cmr.cfg"
File: mt-cmr.cfg 2013/05/19 v2.2 microtype config. file: Computer Modern Roman 
(RS)
)
LaTeX Font Info:    Trying to load font information for OML+lmm on input line 1
73.

("C:\Program Files\MiKTeX\tex/latex/lm\omllmm.fd"
File: omllmm.fd 2009/10/30 v1.6 Font defs for Latin Modern
)
LaTeX Font Info:    Trying to load font information for OMS+lmsy on input line 
173.

("C:\Program Files\MiKTeX\tex/latex/lm\omslmsy.fd"
File: omslmsy.fd 2009/10/30 v1.6 Font defs for Latin Modern
)
LaTeX Font Info:    Trying to load font information for OMX+lmex on input line 
173.

("C:\Program Files\MiKTeX\tex/latex/lm\omxlmex.fd"
File: omxlmex.fd 2009/10/30 v1.6 Font defs for Latin Modern
)
LaTeX Font Info:    External font `lmex10' loaded for size
(Font)              <12> on input line 173.
LaTeX Font Info:    External font `lmex10' loaded for size
(Font)              <8> on input line 173.
LaTeX Font Info:    External font `lmex10' loaded for size
(Font)              <6> on input line 173.
LaTeX Font Info:    Trying to load font information for U+msa on input line 173
.

("C:\Program Files\MiKTeX\tex/latex/amsfonts\umsa.fd"
File: umsa.fd 2013/01/14 v3.01 AMS symbols A
)
("C:\Program Files\MiKTeX\tex/latex/microtype\mt-msa.cfg"
File: mt-msa.cfg 2006/02/04 v1.1 microtype config. file: AMS symbols (a) (RS)
)
LaTeX Font Info:    Trying to load font information for U+msb on input line 173
.

("C:\Program Files\MiKTeX\tex/latex/amsfonts\umsb.fd"
File: umsb.fd 2013/01/14 v3.01 AMS symbols B
)
("C:\Program Files\MiKTeX\tex/latex/microtype\mt-msb.cfg"
File: mt-msb.cfg 2005/06/01 v1.0 microtype config. file: AMS symbols (b) (RS)
)pdfTeX warning (ext4): destination with the same identifier (name{page.1}) has
 been already used, duplicate ignored
<to be read again> 
                   \relax 
l.173 	
        [1



]
LaTeX Font Info:    Font shape `T1/phv/m/it' in size <12> not available
(Font)              Font shape `T1/phv/m/sl' tried instead on input line 182.
 [2

]
LaTeX Font Info:    External font `lmex10' loaded for size
(Font)              <10> on input line 190.
LaTeX Font Info:    External font `lmex10' loaded for size
(Font)              <7> on input line 190.
LaTeX Font Info:    External font `lmex10' loaded for size
(Font)              <5> on input line 190.
 [3


] [4

] [5

] (tcc.lof) [6

] (tcc.loq) [7

] (tcc.lot) [8

] [9


]
[10


] (tcc.toc
LaTeX Font Info:    External font `lmex10' loaded for size
(Font)              <14.4> on input line 33.
) [11

]
\openout2 = `introducao.aux'.

 (introducao.tex
LaTeX Font Info:    Trying to load font information for TS1+phv on input line 8
.

("C:\Program Files\MiKTeX\tex/latex/psnfss\ts1phv.fd"
File: ts1phv.fd 2020/03/25 scalable font definitions for TS1/phv.
)
Package microtype Info: Loading generic protrusion settings for font family
(microtype)             `phv' (encoding: TS1).
(microtype)             For optimal results, create family-specific settings.
(microtype)             See the microtype manual for details.
) [12



]
\openout2 = `revisao.aux'.

 (revisao.tex
<mineracao.jpg, id=167, 240.9pt x 239.39438pt>
File: mineracao.jpg Graphic file (type jpg)
<use mineracao.jpg>
Package pdftex.def Info: mineracao.jpg  used on input line 8.
(pdftex.def)             Requested size: 240.8994pt x 239.39378pt.
)
[13



 <./mineracao.jpg>]
\openout2 = `metodologia.aux'.

 (metodologia.tex
\ganttx=\count398
\ganttheight=\count399
Missing character: There is no ; in font nullfont!
Missing character: There is no ; in font nullfont!
Missing character: There is no ; in font nullfont!
Missing character: There is no ; in font nullfont!
Missing character: There is no ; in font nullfont!
Missing character: There is no ; in font nullfont!
Missing character: There is no ; in font nullfont!
Missing character: There is no ; in font nullfont!
Missing character: There is no ; in font nullfont!
Missing character: There is no ; in font nullfont!
Missing character: There is no ; in font nullfont!
Missing character: There is no ; in font nullfont!
Missing character: There is no ; in font nullfont!
Missing character: There is no ; in font nullfont!

Overfull \hbox (31.06206pt too wide) in paragraph at lines 80--82
[][] 
 []

) [14



]
LaTeX Font Info:    Font shape `T1/phv/m/it' in size <10> not available
(Font)              Font shape `T1/phv/m/sl' tried instead on input line 287.
 [15]
\openout2 = `resultados.aux'.

 (resultados.tex) [16



]
\openout2 = `conclusao.aux'.

 (conclusao.tex) [17



] [18] (tcc.bbl (tcc.brf)
\tf@brf=\write6
\openout6 = `tcc.brf'.


bibitemlist
) [19


]

Package hyperref Warning: Token not allowed in a PDF string (PDFDocEncoding):
(hyperref)                removing `\uppercase' on input line 316.

[20


] [21

] [22

]

Package hyperref Warning: Token not allowed in a PDF string (PDFDocEncoding):
(hyperref)                removing `\uppercase' on input line 344.

[23


] [24

] [25

]
No file tcc.ind.
[26

]
\tf@lof=\write7
\openout7 = `tcc.lof'.

\tf@loq=\write8
\openout8 = `tcc.loq'.

\tf@lot=\write9
\openout9 = `tcc.lot'.

\tf@toc=\write10
\openout10 = `tcc.toc'.

Package atveryend Info: Empty hook `BeforeClearDocument' on input line 372.
Package atveryend Info: Empty hook `AfterLastShipout' on input line 372.
 (tcc.aux (introducao.aux) (revisao.aux) (metodologia.aux) (resultados.aux) (co
nclusao.aux))
Package atveryend Info: Executing hook `AtVeryEndDocument' on input line 372.
Package atveryend Info: Executing hook `AtEndAfterFileList' on input line 372.
Package rerunfilecheck Info: File `tcc.brf' has not changed.
(rerunfilecheck)             Checksum: B5BFD0143CD6EC0F843961085DB52B0B;137.
Package atveryend Info: Empty hook `AtVeryVeryEnd' on input line 372.
 ) 
Here is how much of TeX's memory you used:
 29057 strings out of 481199
 515173 string characters out of 2915349
 1120379 words of memory out of 3000000
 43783 multiletter control sequences out of 15000+200000
 611942 words of font info for 194 fonts, out of 3000000 for 9000
 1141 hyphenation exceptions out of 8191
 68i,12n,65p,1064b,879s stack positions out of 5000i,500n,10000p,200000b,50000s
{C:/Program Files/MiKTeX/fonts/enc/dvips/lm/lm-mathsy.enc}{C:/Program Files/M
iKTeX/fonts/enc/dvips/lm/lm-mathit.enc}{C:/Program Files/MiKTeX/fonts/enc/dvips
/lm/lm-rm.enc}{C:/Program Files/MiKTeX/fonts/enc/dvips/base/8r.enc}<C:/Program 
Files/MiKTeX/fonts/type1/public/lm/lmmi12.pfb><C:/Program Files/MiKTeX/fonts/ty
pe1/public/lm/lmr12.pfb><C:/Program Files/MiKTeX/fonts/type1/public/lm/lmsy10.p
fb><C:/Program Files/MiKTeX/fonts/type1/urw/helvetic/uhvb8a.pfb><C:/Program Fil
es/MiKTeX/fonts/type1/urw/helvetic/uhvr8a.pfb><C:/Program Files/MiKTeX/fonts/ty
pe1/urw/helvetic/uhvro8a.pfb>
Output written on tcc.pdf (27 pages, 144805 bytes).
PDF statistics:
 374 PDF objects out of 1000 (max. 8388607)
 86 named destinations out of 1000 (max. 500000)
 32518 words of extra memory for PDF output out of 35830 (max. 10000000)

